{ Using PSTWRITER 16.6.0 d001Apr-29-2020 at 14:27:03 }

#1 WARNING(ORCAP-36006): Part Name "1N4148WSQ-7-F_SOD2513X120N_1N4148WSQ-7-F" is renamed to "1N4148WSQ-7-F_SOD2513X120N_1N41".
#2 WARNING(ORCAP-36006): Part Name "2-PIN CONNECTOR_MOLEX_0039296028_0039296028" is renamed to "2-PIN CONNECTOR_MOLEX_003929602".
#3 WARNING(ORCAP-36006): Part Name "4 IN HEADER_TE_1987374-4_1987374-4" is renamed to "4 IN HEADER_TE_1987374-4_198737".
#4 WARNING(ORCAP-36006): Part Name "3-PIN HEADER_TE_826948-3_826948-3" is renamed to "3-PIN HEADER_TE_826948-3_826948".
#5 WARNING(ORCAP-36006): Part Name "INDUCTOR_INDC2012X87N_MLF2012K390KTD25" is renamed to "INDUCTOR_INDC2012X87N_MLF2012K3".
#6 WARNING(ORCAP-36006): Part Name "N CHANNEL MOSFET_SOT95P240X115-3N_WNM2016-3-TR" is renamed to "N CHANNEL MOSFET_SOT95P240X115-".
#7 WARNING(ORCAP-36006): Part Name "TRANSISTOR_SOT95P240X120-3N_MMBT3904" is renamed to "TRANSISTOR_SOT95P240X120-3N_MMB".
#8 WARNING(ORCAP-36006): Part Name "RESISITOR - 0805_RESC2012X60N_2K" is renamed to "RESISITOR - 0805_RESC2012X60N_2".
#9 WARNING(ORCAP-36006): Part Name "RESISITOR - 0805_RESC2012X60N_100K" is renamed to "RESISITOR - 0805_RESC2012X60N_1".
#10 WARNING(ORCAP-36006): Part Name "RESISITOR - 0805_RESC2012X60N_1K" is renamed to "RESISITOR - 0805_RESC2012X60N_3".
#11 WARNING(ORCAP-36006): Part Name "RESISITOR - 0805_RESC2012X60N_CR0805-FX-3002ELF" is renamed to "RESISITOR - 0805_RESC2012X60N_C".
#12 WARNING(ORCAP-36006): Part Name "RESISITOR - 0805_RESC2012X60N_47K" is renamed to "RESISITOR - 0805_RESC2012X60N_4".
#13 WARNING(ORCAP-36006): Part Name "JS102011JCQN_SW_JS102011JCQN_JS102011JCQN" is renamed to "JS102011JCQN_SW_JS102011JCQN_JS".
#14 WARNING(ORCAP-36006): Part Name "PUSH BUTTON_SW_TL3342F160QG_TL3342F160QG" is renamed to "PUSH BUTTON_SW_TL3342F160QG_TL3".
#15 WARNING(ORCAP-36006): Part Name "BLUETOOTH_MODULE_MDBT40-256RV3_MDBT40-256RV3" is renamed to "BLUETOOTH_MODULE_MDBT40-256RV3_".
INFO(ORCAP-36080): Scanning netlist files ...

Loading... C:\USERS\USER\DOCUMENTS\GITHUB\TRACKITPCB\ALLEGRO1/pstchip.dat

Loading... C:\USERS\USER\DOCUMENTS\GITHUB\TRACKITPCB\ALLEGRO1/pstchip.dat

Loading... C:\USERS\USER\DOCUMENTS\GITHUB\TRACKITPCB\ALLEGRO1/pstxprt.dat

Loading... C:\USERS\USER\DOCUMENTS\GITHUB\TRACKITPCB\ALLEGRO1/pstxnet.dat
packaging the design view...