(---------------------------------------------------------------------)
(                                                                     )
(    NC DRILL Log                                                     )
(                                                                     )
(    Drawing          : #Taaaaag19416.tmp                             )
(    Software Version : 16.6P004                                      )
(    Date/Time        : Fri Jun 12 18:42:45 2020                      )
(                                                                     )
(---------------------------------------------------------------------)



 Processing NC Parameters file 'nc_param.txt' ...

 NC PARAMETERS
 -------------

 FORMAT   		2.5
 MACHINE-OFFSET		x:0.000000	y:0.000000
 FEEDRATE		1
 COORDINATES		ABSOLUTE
 OUTPUT-UNITS		ENGLISH
 TOOL-ORDER		INCREASING
 REPEAT-CODES		NO
 SUPPRESS-LEAD-ZEROES	YES
 SUPPRESS-TRAIL-ZEROES	NO
 SUPPRESS-EQUAL		NO
 TOOL-SELECT		YES
 HEADER			none
 LEADER			12
 CODE			ASCII
 SEPARATE		NO
 SEPARATE-ROUTING	NO
 OPTIMIZE_DRILLING	YES
 ENHANCED_EXCELLON	YES
 SCALE			1.000000

 WARNING(SPMHMF-360): Design precision is greater than that of the drill output file data.
 WARNING(SPMHMF-361): Data rounding errors are very possible.
 WARNING(SPMHMF-368): Cannot find NC Drill tool file 'nc_tools.txt'
 WARNING(SPMHMF-369): ... will auto-generate tool file 'nc_tools_auto.txt'.


     Auto-generating tool file 'nc_tools_auto.txt' ...

           Size  Plating  Tool        + Tolerance  - Tolerance

         13.000  P        T01            0.000000     0.000000
         39.370  P        T02            0.000000     0.000000
         57.087  P        T03            0.000000     0.000000


Drill files being output to directory 'C:/Users/user/Documents/GitHub/TrackitPCB/New PCB 2/10mil/Drill' ...



     'trackitboard-10milnew-1-2.drl' created for holes connecting TOP and BOTTOM
     ---------------------------------------------------------------------------

     Tool  Num     Size      +/- Tolerance     Plating   Quantity

     T01    1.  13.0000    0.0000/  0.0000      PLATED         22
     T02    2.  39.3700    0.0000/  0.0000      PLATED          7
     T03    3.  57.0870    0.0000/  0.0000      PLATED          2

     ---- Total holes:                                         31

     ---- Total head travel:              0.47 feet (0.14 meters)

