(---------------------------------------------------------------------)
(                                                                     )
(    Allegro Netrev Import Logic                                      )
(                                                                     )
(    Drawing          : trackitboard2.brd                             )
(    Software Version : 16.6P004                                      )
(    Date/Time        : Fri Jun 05 23:13:02 2020                      )
(                                                                     )
(---------------------------------------------------------------------)


------ Directives ------

RIPUP_ETCH FALSE;
RIPUP_DELETE_FIRST_SEGMENT FALSE;
RIPUP_RETAIN_BONDWIRE FALSE;
RIPUP_SYMBOLS ALWAYS;
Missing symbol has error FALSE;
SCHEMATIC_DIRECTORY 'C:/Users/user/Documents/GitHub/TrackitPCB/newnetlist';
BOARD_DIRECTORY '';
OLD_BOARD_NAME 'C:/Users/user/Documents/GitHub/TrackitPCB/New PCB 2/trackitboard2.brd';
NEW_BOARD_NAME 'C:/Users/user/Documents/GitHub/TrackitPCB/New PCB 2/trackitboard2.brd';

CmdLine: netrev -$ -i C:/Users/user/Documents/GitHub/TrackitPCB/newnetlist -y 1 C:/Users/user/Documents/GitHub/TrackitPCB/New PCB 2/#Taaaaab15700.tmp

------ Preparing to read pst files ------

Starting to read C:/Users/user/Documents/GitHub/TrackitPCB/newnetlist/pstchip.dat 
   Finished reading C:/Users/user/Documents/GitHub/TrackitPCB/newnetlist/pstchip.dat (00:00:00.04)
Starting to read C:/Users/user/Documents/GitHub/TrackitPCB/newnetlist/pstxprt.dat 
   Finished reading C:/Users/user/Documents/GitHub/TrackitPCB/newnetlist/pstxprt.dat (00:00:00.00)
Starting to read C:/Users/user/Documents/GitHub/TrackitPCB/newnetlist/pstxnet.dat 
   Finished reading C:/Users/user/Documents/GitHub/TrackitPCB/newnetlist/pstxnet.dat (00:00:00.00)

------ Oversights/Warnings/Errors ------


------ Library Paths ------
MODULEPATH =  . 
           C:/Cadence/SPB_16.6/share/local/pcb/modules 

PSMPATH =  . 
           symbols 
           .. 
           ../symbols 
           C:/Cadence/SPB_16.6/share/local/pcb/symbols 
           C:/Cadence/SPB_16.6/share/pcb/pcb_lib/symbols 
           C:/Cadence/SPB_16.6/share/pcb/allegrolib/symbols 

PADPATH =  . 
           symbols 
           .. 
           ../symbols 
           C:/Cadence/SPB_16.6/share/local/pcb/padstacks 
           C:/Cadence/SPB_16.6/share/pcb/pcb_lib/symbols 
           C:/Cadence/SPB_16.6/share/pcb/allegrolib/symbols 


------ Summary Statistics ------


netrev run on Jun 5 23:13:02 2020
   DESIGN NAME : 'TRACKIT'
   PACKAGING ON Sep 10 2012 04:46:09

   COMPILE 'logic'
   CHECK_PIN_NAMES OFF
   CROSS_REFERENCE OFF
   FEEDBACK OFF
   INCREMENTAL OFF
   INTERFACE_TYPE PHYSICAL
   MAX_ERRORS 500
   MERGE_MINIMUM 5
   NET_NAME_CHARS '#%&()*+-./:=>?@[]^_`|'
   NET_NAME_LENGTH 24
   OVERSIGHTS ON
   REPLACE_CHECK OFF
   SINGLE_NODE_NETS ON
   SPLIT_MINIMUM 0
   SUPPRESS   20
   WARNINGS ON

 No error detected
 No oversight detected
 No warning detected

cpu time      0:00:42
elapsed time  0:00:00

