(---------------------------------------------------------------------)
(                                                                     )
(    ARTWORK LOG                                                      )
(                                                                     )
(    Drawing          : trackitboard-10milnew.brd                     )
(    Software Version : 16.6P004                                      )
(    Date/Time        : Sun Jun 14 00:54:36 2020                      )
(                                                                     )
(---------------------------------------------------------------------)


 ---- Photoplot outline rectangle not found ... using drawing extents



Results from parameter file ...
    DEVICE-TYPE           GERBER_RS274X
    OUTPUT-UNITS          INCHES
    FILM-SIZE             2400000 1600000
    FORMAT                2.5
    ABORT-ON-ERROR        NO
    SCALE                 1
    SUPPRESS-LEAD-ZEROES  YES
    SUPPRESS-TRAIL-ZEROES NO
    SUPPRESS-EQUAL        YES
    UNDEF-APT-CONT        NO


================================================================
     PROCESSING FILM < TOP >
     TO FILE < C:/Users/user/Documents/GitHub/TrackitPCB/New PCB 2/10mil/TOP_TeamX.art > ...
================================================================

  FILM PARAMETERS :
  ---------------------------------------------------------
  Undefined line width                5.000
  Mirror code                         NONE
  Rotate angle                        NONE
  Offset x:                           0.000
  Offset y:                           0.000
  Plot negative                       NO
  Suppress unconnected internal pads  NO
  Draw holes only                     NO

    WARNING: Segment with same start and end points at
	(260.476 947.673) will be ignored. Increasing output
	accuracy may allow segment to be generated.

    WARNING: Segment with same start and end points at
	(435.862 772.287) will be ignored. Increasing output
	accuracy may allow segment to be generated.

    WARNING: Segment with same start and end points at
	(330.075 666.501) will be ignored. Increasing output
	accuracy may allow segment to be generated.



  APERTURES USED:
  ---------------------------------------------------------
  TYPE       SIZE/NAME                   ROT   MIRROR MODE 
  ---------------------------------------------------------
  CIRCLE     0.00500                                  DARK 
  CIRCLE     0.01000                                  DARK 
  CIRCLE     0.02400                                  DARK 
  CIRCLE     0.05315                                  DARK 
  CIRCLE     0.05906                                  DARK 
  CIRCLE     0.08563                                  DARK 
  SQUARE     0.05315                     0.000 NO     DARK 
  SQUARE     0.08563                     0.000 NO     DARK 
  RECTANGLE  0.03150     x 0.01102      90.000 NO     DARK 
  RECTANGLE  0.03740     x 0.07874      90.000 NO     DARK 
  RECTANGLE  0.03937     x 0.05591       0.000 NO     DARK 
  RECTANGLE  0.03937     x 0.05591      90.000 NO     DARK 
  RECTANGLE  0.04528     x 0.03937       0.000 NO     DARK 
  RECTANGLE  0.04528     x 0.03937      90.000 NO     DARK 
  RECTANGLE  0.06693     x 0.03937     135.000 NO     DARK 

     TOP_TeamX created with warnings


================================================================
     PROCESSING FILM < BOTTOM >
     TO FILE < C:/Users/user/Documents/GitHub/TrackitPCB/New PCB 2/10mil/BOTTOM_TeamX.art > ...
================================================================

  FILM PARAMETERS :
  ---------------------------------------------------------
  Undefined line width                5.000
  Mirror code                         X
  Rotate angle                        NONE
  Offset x:                           0.000
  Offset y:                           0.000
  Plot negative                       NO
  Suppress unconnected internal pads  NO
  Draw holes only                     NO

    WARNING: Segment with same start and end points at
	(432.481 923.229) will be ignored. Increasing output
	accuracy may allow segment to be generated.

    WARNING: Segment with same start and end points at
	(550.000 950.000) will be ignored. Increasing output
	accuracy may allow segment to be generated.

    WARNING: Segment with same start and end points at
	(710.630 1039.370) will be ignored. Increasing output
	accuracy may allow segment to be generated.

    WARNING: Segment with same start and end points at
	(-43.307 145.670) will be ignored. Increasing output
	accuracy may allow segment to be generated.

    WARNING: Segment with same start and end points at
	(-43.307 118.110) will be ignored. Increasing output
	accuracy may allow segment to be generated.

    WARNING: Segment with same start and end points at
	(-27.559 614.173) will be ignored. Increasing output
	accuracy may allow segment to be generated.

    WARNING: Segment with same start and end points at
	(19.685 740.158) will be ignored. Increasing output
	accuracy may allow segment to be generated.

    WARNING: Segment with same start and end points at
	(216.535 740.158) will be ignored. Increasing output
	accuracy may allow segment to be generated.



  APERTURES USED:
  ---------------------------------------------------------
  TYPE       SIZE/NAME                   ROT   MIRROR MODE 
  ---------------------------------------------------------
  CIRCLE     0.00500                                  DARK 
  CIRCLE     0.01000                                  DARK 
  CIRCLE     0.02400                                  DARK 
  CIRCLE     0.05315                                  DARK 
  CIRCLE     0.08563                                  DARK 
  SQUARE     0.05315                     0.000 NO     DARK 
  SQUARE     0.08563                     0.000 NO     DARK 
  RECTANGLE  0.02362     x 0.01968       0.000 NO     DARK 
  RECTANGLE  0.03937     x 0.05512       0.000 NO     DARK 
  RECTANGLE  0.03937     x 0.05591       0.000 NO     DARK 
  RECTANGLE  0.03937     x 0.05591      90.000 NO     DARK 
  RECTANGLE  0.05118     x 0.02323       0.000 NO     DARK 
  RECTANGLE  0.05512     x 0.01575       0.000 NO     DARK 
  RECTANGLE  0.05512     x 0.01575      90.000 NO     DARK 
  RECTANGLE  0.06299     x 0.03937      90.000 NO     DARK 

     BOTTOM_TeamX created with warnings


================================================================
     PROCESSING FILM < MASK_TOP >
     TO FILE < C:/Users/user/Documents/GitHub/TrackitPCB/New PCB 2/10mil/MASK_TOP_TeamX.art > ...
================================================================

  FILM PARAMETERS :
  ---------------------------------------------------------
  Undefined line width                5.000
  Mirror code                         NONE
  Rotate angle                        NONE
  Offset x:                           0.000
  Offset y:                           0.000
  Plot negative                       NO
  Suppress unconnected internal pads  NO
  Draw holes only                     NO



  APERTURES USED:
  ---------------------------------------------------------
  TYPE       SIZE/NAME                   ROT   MIRROR MODE 
  ---------------------------------------------------------
  CIRCLE     0.04400                                  DARK 
  CIRCLE     0.05315                                  DARK 
  CIRCLE     0.06693                                  DARK 
  CIRCLE     0.08563                                  DARK 
  SQUARE     0.05315                     0.000 NO     DARK 
  SQUARE     0.08563                     0.000 NO     DARK 
  RECTANGLE  0.03150     x 0.01102      90.000 NO     DARK 
  RECTANGLE  0.03740     x 0.07874      90.000 NO     DARK 
  RECTANGLE  0.03937     x 0.05591       0.000 NO     DARK 
  RECTANGLE  0.03937     x 0.05591      90.000 NO     DARK 
  RECTANGLE  0.04528     x 0.03937       0.000 NO     DARK 
  RECTANGLE  0.04528     x 0.03937      90.000 NO     DARK 
  RECTANGLE  0.06693     x 0.03937     135.000 NO     DARK 

     MASK_TOP_TeamX created.


================================================================
     PROCESSING FILM < MASK_BOT >
     TO FILE < C:/Users/user/Documents/GitHub/TrackitPCB/New PCB 2/10mil/MASK_BOT_TeamX.art > ...
================================================================

  FILM PARAMETERS :
  ---------------------------------------------------------
  Undefined line width                5.000
  Mirror code                         NONE
  Rotate angle                        NONE
  Offset x:                           0.000
  Offset y:                           0.000
  Plot negative                       NO
  Suppress unconnected internal pads  NO
  Draw holes only                     NO



  APERTURES USED:
  ---------------------------------------------------------
  TYPE       SIZE/NAME                   ROT   MIRROR MODE 
  ---------------------------------------------------------
  CIRCLE     0.04400                                  DARK 
  CIRCLE     0.05315                                  DARK 
  CIRCLE     0.08563                                  DARK 
  SQUARE     0.05315                     0.000 NO     DARK 
  SQUARE     0.08563                     0.000 NO     DARK 
  RECTANGLE  0.02362     x 0.01968       0.000 NO     DARK 
  RECTANGLE  0.03937     x 0.05512       0.000 NO     DARK 
  RECTANGLE  0.03937     x 0.05591       0.000 NO     DARK 
  RECTANGLE  0.03937     x 0.05591      90.000 NO     DARK 
  RECTANGLE  0.05118     x 0.02323       0.000 NO     DARK 
  RECTANGLE  0.05512     x 0.01575       0.000 NO     DARK 
  RECTANGLE  0.05512     x 0.01575      90.000 NO     DARK 
  RECTANGLE  0.06299     x 0.03937      90.000 NO     DARK 

     MASK_BOT_TeamX created.


================================================================
     PROCESSING FILM < SILK_TOP >
     TO FILE < C:/Users/user/Documents/GitHub/TrackitPCB/New PCB 2/10mil/SILK_TOP_TeamX.art > ...
================================================================

  FILM PARAMETERS :
  ---------------------------------------------------------
  Undefined line width                5.000
  Mirror code                         NONE
  Rotate angle                        NONE
  Offset x:                           0.000
  Offset y:                           0.000
  Plot negative                       NO
  Suppress unconnected internal pads  NO
  Draw holes only                     NO

    WARNING: text composed 0 width line found at (55.310 -235.110)
           ... using undefined line width of 5.000

    WARNING: text having Multiple 0 width lines; all will be treated the same as the first.
           ... using undefined line width of 5.000

    WARNING: 0 width line found at (-21.570 569.120)
           ... using undefined line width of 5.000

    WARNING: Multiple 0 width lines; all will be treated the same as the first.
           ... using undefined line width of 5.000



  APERTURES USED:
  ---------------------------------------------------------
  TYPE       SIZE/NAME                   ROT   MIRROR MODE 
  ---------------------------------------------------------
  CIRCLE     0.00197                                  DARK 
  CIRCLE     0.00315                                  DARK 
  CIRCLE     0.00500                                  DARK 
  CIRCLE     0.00787                                  DARK 

     SILK_TOP_TeamX created with warnings


================================================================
     PROCESSING FILM < SILK_BOT >
     TO FILE < C:/Users/user/Documents/GitHub/TrackitPCB/New PCB 2/10mil/SILK_BOT_TeamX.art > ...
================================================================

  FILM PARAMETERS :
  ---------------------------------------------------------
  Undefined line width                5.000
  Mirror code                         X
  Rotate angle                        NONE
  Offset x:                           0.000
  Offset y:                           0.000
  Plot negative                       NO
  Suppress unconnected internal pads  NO
  Draw holes only                     NO



  APERTURES USED:
  ---------------------------------------------------------
  TYPE       SIZE/NAME                   ROT   MIRROR MODE 
  ---------------------------------------------------------
  CIRCLE     0.00500                                  DARK 
  CIRCLE     0.00600                                  DARK 
  CIRCLE     0.00787                                  DARK 

     SILK_BOT_TeamX created.


================================================================
     PROCESSING FILM < OUTLINE >
     TO FILE < C:/Users/user/Documents/GitHub/TrackitPCB/New PCB 2/10mil/OUTLINE_TeamX.art > ...
================================================================

  FILM PARAMETERS :
  ---------------------------------------------------------
  Undefined line width                5.000
  Mirror code                         NONE
  Rotate angle                        NONE
  Offset x:                           0.000
  Offset y:                           0.000
  Plot negative                       NO
  Suppress unconnected internal pads  NO
  Draw holes only                     NO



  APERTURES USED:
  ---------------------------------------------------------
  TYPE       SIZE/NAME                   ROT   MIRROR MODE 
  ---------------------------------------------------------
  CIRCLE     0.00500                                  DARK 

     OUTLINE_TeamX created.


------------------------------------------------------
 SUMMARY:
        TOP_TeamX created with warnings
        BOTTOM_TeamX created with warnings
        MASK_TOP_TeamX created.
        MASK_BOT_TeamX created.
        SILK_TOP_TeamX created with warnings
        SILK_BOT_TeamX created.
        OUTLINE_TeamX created.

 ARTWORK finished
