{ Using PSTWRITER 16.6.0 d001Jun-08-2020 at 18:13:57 }

#1 WARNING(ORCAP-36038): "No_connect" property on Pin "S2.1" ignored for S2: MCU, PAGE1 (236.22, 96.52). Connecting pin to net "BUTTON".
#2 WARNING(ORCAP-36006): Part Name "2-PIN CONNECTOR_0_MOLEX_0039296028_0039296028" is renamed to "2-PIN CONNECTOR_0_MOLEX_0039296".
#3 WARNING(ORCAP-36006): Part Name "PIN HEADER_0_TE_1987374-4_2-104186-1" is renamed to "PIN HEADER_0_TE_1987374-4_2-104".
#4 WARNING(ORCAP-36006): Part Name "1N4148WSQ-7-F_3_SOD2513X120N_1N4148WSQ-7-F" is renamed to "1N4148WSQ-7-F_3_SOD2513X120N_1N".
#5 WARNING(ORCAP-36006): Part Name "N CHANNEL MOSFET_SOT95P240X115-3N_WNM2016-3-TR" is renamed to "N CHANNEL MOSFET_SOT95P240X115-".
#6 WARNING(ORCAP-36006): Part Name "TRANSISTOR_SOT95P240X120-3N_MMBT3904" is renamed to "TRANSISTOR_SOT95P240X120-3N_MMB".
#7 WARNING(ORCAP-36006): Part Name "RESISITOR - 0805_RESC2012X60N_1K" is renamed to "RESISITOR - 0805_RESC2012X60N_1".
#8 WARNING(ORCAP-36006): Part Name "RESISITOR - 0805_RESC2012X60N_47K" is renamed to "RESISITOR - 0805_RESC2012X60N_4".
#9 WARNING(ORCAP-36006): Part Name "RESISITOR - 0805_RESC2012X60N_2K" is renamed to "RESISITOR - 0805_RESC2012X60N_2".
#10 WARNING(ORCAP-36006): Part Name "RESISITOR - 0805_RESC2012X60N_100K" is renamed to "RESISITOR - 0805_RESC2012X60N_3".
#11 WARNING(ORCAP-36006): Part Name "JS102011JCQN_SW_JS102011JCQN_JS102011JCQN" is renamed to "JS102011JCQN_SW_JS102011JCQN_JS".
#12 WARNING(ORCAP-36006): Part Name "PUSH BUTTON_SW_TL3342F160QG_TL3342F160QG" is renamed to "PUSH BUTTON_SW_TL3342F160QG_TL3".
#13 WARNING(ORCAP-36006): Part Name "TEST POINT_TEST_POINT1_TEST POINT" is renamed to "TEST POINT_TEST_POINT1_TEST POI".
#14 WARNING(ORCAP-36006): Part Name "BLUETOOTH_4_MODULE_MDBT40-256RV3_MDBT40-256RV3" is renamed to "BLUETOOTH_4_MODULE_MDBT40-256RV".
INFO(ORCAP-36080): Scanning netlist files ...

Loading... C:\USERS\ASITHA\DOCUMENTS\GITHUB\TRACKIT\allegro123/pstchip.dat

Loading... C:\USERS\ASITHA\DOCUMENTS\GITHUB\TRACKIT\allegro123/pstchip.dat

Loading... C:\USERS\ASITHA\DOCUMENTS\GITHUB\TRACKIT\allegro123/pstxprt.dat

Loading... C:\USERS\ASITHA\DOCUMENTS\GITHUB\TRACKIT\allegro123/pstxnet.dat
packaging the design view...