(---------------------------------------------------------------------)
(                                                                     )
(    ARTWORK LOG                                                      )
(                                                                     )
(    Drawing          : trackitboard-10milnew.brd                     )
(    Software Version : 16.6P004                                      )
(    Date/Time        : Sun Jun 14 00:45:45 2020                      )
(                                                                     )
(---------------------------------------------------------------------)


 ---- Photoplot outline rectangle not found ... using drawing extents



Results from parameter file ...
    DEVICE-TYPE           GERBER_RS274X
    OUTPUT-UNITS          INCHES
    FILM-SIZE             2400000 1600000
    FORMAT                2.5
    ABORT-ON-ERROR        NO
    SCALE                 1
    SUPPRESS-LEAD-ZEROES  YES
    SUPPRESS-TRAIL-ZEROES NO
    SUPPRESS-EQUAL        YES
    UNDEF-APT-CONT        NO


================================================================
     PROCESSING FILM < MASK_TOP >
     TO FILE < C:/Users/user/Documents/GitHub/TrackitPCB/New PCB 2/10mil/MASK_TOP_TeamX.art > ...
================================================================

  FILM PARAMETERS :
  ---------------------------------------------------------
  Undefined line width                5.000
  Mirror code                         NONE
  Rotate angle                        NONE
  Offset x:                           0.000
  Offset y:                           0.000
  Plot negative                       NO
  Suppress unconnected internal pads  NO
  Draw holes only                     NO



  APERTURES USED:
  ---------------------------------------------------------
  TYPE       SIZE/NAME                   ROT   MIRROR MODE 
  ---------------------------------------------------------
  CIRCLE     0.04400                                  DARK 
  CIRCLE     0.05315                                  DARK 
  CIRCLE     0.06693                                  DARK 
  CIRCLE     0.08563                                  DARK 
  SQUARE     0.05315                     0.000 NO     DARK 
  SQUARE     0.08563                     0.000 NO     DARK 
  RECTANGLE  0.03150     x 0.01102      90.000 NO     DARK 
  RECTANGLE  0.03740     x 0.07874      90.000 NO     DARK 
  RECTANGLE  0.03937     x 0.05591       0.000 NO     DARK 
  RECTANGLE  0.03937     x 0.05591      90.000 NO     DARK 
  RECTANGLE  0.04528     x 0.03937       0.000 NO     DARK 
  RECTANGLE  0.04528     x 0.03937      90.000 NO     DARK 
  RECTANGLE  0.06693     x 0.03937     135.000 NO     DARK 

     MASK_TOP_TeamX created.


================================================================
     PROCESSING FILM < MASK_BOT >
     TO FILE < C:/Users/user/Documents/GitHub/TrackitPCB/New PCB 2/10mil/MASK_BOT_TeamX.art > ...
================================================================

  FILM PARAMETERS :
  ---------------------------------------------------------
  Undefined line width                5.000
  Mirror code                         NONE
  Rotate angle                        NONE
  Offset x:                           0.000
  Offset y:                           0.000
  Plot negative                       NO
  Suppress unconnected internal pads  NO
  Draw holes only                     NO



  APERTURES USED:
  ---------------------------------------------------------
  TYPE       SIZE/NAME                   ROT   MIRROR MODE 
  ---------------------------------------------------------
  CIRCLE     0.04400                                  DARK 
  CIRCLE     0.05315                                  DARK 
  CIRCLE     0.08563                                  DARK 
  SQUARE     0.05315                     0.000 NO     DARK 
  SQUARE     0.08563                     0.000 NO     DARK 
  RECTANGLE  0.02362     x 0.01968       0.000 NO     DARK 
  RECTANGLE  0.03937     x 0.05512       0.000 NO     DARK 
  RECTANGLE  0.03937     x 0.05591       0.000 NO     DARK 
  RECTANGLE  0.03937     x 0.05591      90.000 NO     DARK 
  RECTANGLE  0.05118     x 0.02323       0.000 NO     DARK 
  RECTANGLE  0.05512     x 0.01575       0.000 NO     DARK 
  RECTANGLE  0.05512     x 0.01575      90.000 NO     DARK 
  RECTANGLE  0.06299     x 0.03937      90.000 NO     DARK 

     MASK_BOT_TeamX created.


------------------------------------------------------
 SUMMARY:
        MASK_TOP_TeamX created.
        MASK_BOT_TeamX created.

 ARTWORK finished
